<?xml version="1.0" encoding="UTF-8"?>
<!-- Generated by org.testng.reporters.JUnitXMLReporter -->
<testsuite hostname="Omer-PC" name="Default test" tests="9" failures="0" timestamp="19 Jul 2016 19:29:16 GMT" time="305.842" errors="0">
  <testcase name="orderSet" time="92.888" classname="testcasses_dentalcare.MultipleDiease"/>
  <testcase name="setDoctorNotes" time="21.484" classname="testcasses_dentalcare.MultipleDiease"/>
  <testcase name="setPrimaryDiease" time="36.732" classname="testcasses_dentalcare.MultipleDiease"/>
  <testcase name="setProcedure" time="23.678" classname="testcasses_dentalcare.MultipleDiease"/>
  <testcase name="setAdditionalDiagnosis" time="4.632" classname="testcasses_dentalcare.MultipleDiease"/>
  <testcase name="selectTeeth" time="43.396" classname="testcasses_dentalcare.MultipleDiease"/>
  <testcase name="setTeeth" time="20.466" classname="testcasses_dentalcare.MultipleDiease"/>
  <testcase name="selectMedicine" time="52.204" classname="testcasses_dentalcare.MultipleDiease"/>
  <testcase name="save" time="10.312" classname="testcasses_dentalcare.MultipleDiease"/>
</testsuite> <!-- Default test -->
