<?xml version="1.0" encoding="UTF-8"?>
<!-- Generated by org.testng.reporters.JUnitXMLReporter -->
<testsuite hostname="Omer-PC" name="exampletest1" tests="2" failures="1" timestamp="3 Aug 2016 06:41:09 GMT" time="154.921" errors="0">
  <testcase name="Login" time="34.354" classname="test.LoginTest"/>
  <testcase name="OneviewPayment" time="120.538" classname="appointment_test.OneViw">
    <failure type="java.lang.IndexOutOfBoundsException" message="Index: 0, Size: 0">
      <![CDATA[java.lang.IndexOutOfBoundsException: Index: 0, Size: 0
	at java.util.ArrayList.rangeCheck(ArrayList.java:653)
	at java.util.ArrayList.get(ArrayList.java:429)
	at oneview.Receipt.compareMrNumber(Receipt.java:30)
	at appointment_test.OneViw.OneviewPayment(OneViw.java:87)
... Removed 24 stack frames]]>
    </failure>
  </testcase> <!-- OneviewPayment -->
</testsuite> <!-- exampletest1 -->
