<?xml version="1.0" encoding="UTF-8"?>
<testng-results skipped="0" failed="0" total="3" passed="3">
  <reporter-output>
  </reporter-output>
  <suite name="Default suite" duration-ms="146456" started-at="2016-07-02T07:46:34Z" finished-at="2016-07-02T07:49:00Z">
    <groups>
    </groups>
    <test name="Default test" duration-ms="146456" started-at="2016-07-02T07:46:34Z" finished-at="2016-07-02T07:49:00Z">
      <class name="testcasses_dentalcare.DCare">
        <test-method status="PASS" signature="orderSet()[pri:0, instance:testcasses_dentalcare.DCare@57af006c]" name="orderSet" duration-ms="86664" started-at="2016-07-02T12:46:34Z" finished-at="2016-07-02T12:48:01Z">
          <reporter-output>
          </reporter-output>
        </test-method> <!-- orderSet -->
        <test-method status="PASS" signature="setFavoriteDiease()[pri:0, instance:testcasses_dentalcare.DCare@57af006c]" name="setFavoriteDiease" duration-ms="14648" started-at="2016-07-02T12:48:01Z" finished-at="2016-07-02T12:48:15Z">
          <reporter-output>
          </reporter-output>
        </test-method> <!-- setFavoriteDiease -->
        <test-method status="PASS" signature="selectTeeth()[pri:0, instance:testcasses_dentalcare.DCare@57af006c]" name="selectTeeth" duration-ms="45111" started-at="2016-07-02T12:48:15Z" finished-at="2016-07-02T12:49:00Z">
          <reporter-output>
          </reporter-output>
        </test-method> <!-- selectTeeth -->
      </class> <!-- testcasses_dentalcare.DCare -->
    </test> <!-- Default test -->
  </suite> <!-- Default suite -->
</testng-results>
